 [ERROR]:2024-05-07 16:58:31 :
 Unauthorized: [ Role ] 
 [ERROR]:2024-05-07 17:07:49 :
 Unauthorized: [ Role ] 
 [ERROR]:2024-05-07 17:13:11 :
 Unauthorized: [ Role ] 
 [ERROR]:2024-05-07 17:14:28 :
 Unauthorized: [ Role ] 
 [ERROR]:2024-05-07 17:16:56 :
 Invalid Token or Token Expired 
 [ERROR]:2024-05-07 18:02:29 :
 Invalid Token or Token Expired 
 [ERROR]:2024-05-07 18:02:52 :
 Invalid Token or Token Expired 
 [ERROR]:2024-05-07 18:04:08 :
 Invalid Token or Token Expired 
 [ERROR]:2024-05-07 18:04:29 :
 Invalid Token or Token Expired 
 [ERROR]:2024-05-07 18:05:27 :
 Invalid Token or Token Expired 
 [ERROR]:2024-05-07 18:07:17 :
 invalid token 
 [ERROR]:2024-05-07 18:17:57 :
 invalid token 
 [ERROR]:2024-05-07 18:29:10 :
 invalid token 
 [ERROR]:2024-05-07 18:33:40 :
 Error : JsonWebTokenError: invalid token 
 [ERROR]:2024-05-07 18:40:43 :
 Error : JsonWebTokenError: invalid token 
 [ERROR]:2024-05-07 18:43:12 :
 [UserRoutes] : Login-user : Error: Error: secretOrPrivateKey must have a value 
 [ERROR]:2024-05-07 18:43:18 :
 [UserRoutes] : Login-user : Error: Error: secretOrPrivateKey must have a value 
 [ERROR]:2024-05-07 18:56:30 :
 [UserRoutes] : Login-user : Error: Error: secretOrPrivateKey must have a value 
 [ERROR]:2024-05-07 18:59:58 :
 Error : JsonWebTokenError: invalid token 
 [ERROR]:2024-05-07 19:01:14 :
 Error: JsonWebTokenError: invalid token 
